<?xml version="1.0" encoding="UTF-8"?>
<!-- Generated by org.testng.reporters.JUnitReportReporter -->
<testsuite skipped="0" hostname="Infva05413" name="POM.NewTest" tests="1" failures="0" timestamp="23 Jan 2019 06:35:59 GMT" time="0.079" errors="0">
  <testcase name="f" time="0.079" classname="POM.NewTest"/>
</testsuite> <!-- POM.NewTest -->
